错误代码:[Notice],错误信息:[Undefined property: helpers\Cache\CacheRedis::$handler],文件:[F:\www\platform\hepm\wei\application\base\session\SessionRedis.php],行号:[54],地址:[wei.local/public/index.php],来源:[]
错误代码:[Notice],错误信息:[Undefined property: helpers\Cache\CacheRedis::$handler],文件:[F:\www\platform\hepm\wei\application\base\session\SessionRedis.php],行号:[54],地址:[wei.local/public/index.php],来源:[]
错误代码:[Notice],错误信息:[Undefined property: helpers\Cache\CacheRedis::$handler],文件:[F:\www\platform\hepm\wei\application\base\session\SessionRedis.php],行号:[54],地址:[wei.local/public/index.php],来源:[]
错误代码:[Notice],错误信息:[Undefined index: SESSION_TYPE],文件:[F:\www\platform\hepm\wei\application\helpers\Session.php],行号:[40],地址:[wei.local/public/index.php/welcome/test_s1],来源:[]
错误代码:[Notice],错误信息:[Undefined index: SESSION_TYPE],文件:[F:\www\platform\hepm\wei\application\helpers\Session.php],行号:[40],地址:[wei.local/public/index.php/welcome/test_s1],来源:[]
错误代码:[Notice],错误信息:[Undefined index: SESSION_TYPE],文件:[F:\www\platform\hepm\wei\application\helpers\Session.php],行号:[40],地址:[wei.local/public/index.php/welcome/test_s1],来源:[]
错误代码:[Notice],错误信息:[Undefined index: SESSION_TYPE],文件:[F:\www\platform\hepm\wei\application\helpers\Session.php],行号:[40],地址:[wei.local/public/index.php/welcome/test_s],来源:[]
错误代码:[Notice],错误信息:[Undefined index: SESSION_TYPE],文件:[F:\www\platform\hepm\wei\application\helpers\Session.php],行号:[40],地址:[wei.local/public/index.php/welcome/test_s2],来源:[]
错误代码:[Notice],错误信息:[Undefined index: SESSION_TYPE],文件:[F:\www\platform\hepm\wei\application\helpers\Session.php],行号:[40],地址:[wei.local/public/index.php/welcome/test_s1],来源:[]
错误代码:[Notice],错误信息:[Undefined index: SESSION_TYPE],文件:[F:\www\platform\hepm\wei\application\helpers\Session.php],行号:[40],地址:[wei.local/public/index.php/welcome/test_s],来源:[]
错误代码:[Notice],错误信息:[Undefined index: SESSION_TYPE],文件:[F:\www\platform\hepm\wei\application\helpers\Session.php],行号:[40],地址:[wei.local/public/index.php/welcome/test_s2],来源:[]
错误代码:[Notice],错误信息:[Undefined index: SESSION_TYPE],文件:[F:\www\platform\hepm\wei\application\helpers\Session.php],行号:[40],地址:[wei.local/public/index.php/welcome/test_s1],来源:[]
错误代码:[Notice],错误信息:[Undefined index: SESSION_TYPE],文件:[F:\www\platform\hepm\wei\application\helpers\Session.php],行号:[40],地址:[wei.local/public/index.php/welcome/test_s1],来源:[]
错误代码:[Notice],错误信息:[Undefined index: SESSION_TYPE],文件:[F:\www\platform\hepm\wei\application\helpers\Session.php],行号:[40],地址:[wei.local/public/index.php/welcome/test_s1],来源:[]
错误代码:[Notice],错误信息:[Undefined index: SESSION_TYPE],文件:[F:\www\platform\hepm\wei\application\helpers\Session.php],行号:[40],地址:[wei.local/public/index.php/welcome/test_s],来源:[]
错误代码:[Notice],错误信息:[Undefined index: SESSION_TYPE],文件:[F:\www\platform\hepm\wei\application\helpers\Session.php],行号:[40],地址:[wei.local/public/index.php/welcome/test_s2],来源:[]
错误代码:[Notice],错误信息:[Undefined index: SESSION_TYPE],文件:[F:\www\platform\hepm\wei\application\helpers\Session.php],行号:[50],地址:[wei.local/public/index.php/welcome/test_s2],来源:[]
错误代码:[Notice],错误信息:[Undefined index: SESSION_TYPE],文件:[F:\www\platform\hepm\wei\application\helpers\Session.php],行号:[50],地址:[wei.local/public/index.php/welcome/test_s2],来源:[]
错误代码:[Notice],错误信息:[Undefined index: SESSION_TYPE],文件:[F:\www\platform\hepm\wei\application\helpers\Session.php],行号:[50],地址:[wei.local/public/index.php/welcome/test_s1],来源:[]
错误代码:[Notice],错误信息:[Undefined index: SESSION_TYPE],文件:[F:\www\platform\hepm\wei\application\helpers\Session.php],行号:[50],地址:[wei.local/public/index.php/welcome/test_s],来源:[]
错误代码:[Notice],错误信息:[Undefined index: SESSION_TYPE],文件:[F:\www\platform\hepm\wei\application\helpers\Session.php],行号:[50],地址:[wei.local/public/index.php/welcome/test_s2],来源:[]
错误代码:[Notice],错误信息:[Undefined index: SESSION_TYPE],文件:[F:\www\platform\hepm\wei\application\helpers\Session.php],行号:[48],地址:[wei.local/public/index.php/welcome/test_s2],来源:[]
错误代码:[Notice],错误信息:[Undefined index: SESSION_TYPE],文件:[F:\www\platform\hepm\wei\application\helpers\Session.php],行号:[48],地址:[wei.local/public/index.php/welcome/test_s2],来源:[]
错误代码:[Notice],错误信息:[Undefined index: SESSION_TYPE],文件:[F:\www\platform\hepm\wei\application\helpers\Session.php],行号:[48],地址:[wei.local/public/index.php/welcome/test_s2],来源:[]
错误代码:[Notice],错误信息:[Undefined index: SESSION_TYPE],文件:[F:\www\platform\hepm\wei\application\helpers\Session.php],行号:[48],地址:[wei.local/public/index.php/welcome/test_s2],来源:[]
错误代码:[Notice],错误信息:[Undefined index: SESSION_TYPE],文件:[F:\www\platform\hepm\wei\application\helpers\Session.php],行号:[48],地址:[wei.local/public/index.php/welcome/test_s2],来源:[]
错误代码:[Notice],错误信息:[Undefined index: SESSION_TYPE],文件:[F:\www\platform\hepm\wei\application\helpers\Session.php],行号:[48],地址:[wei.local/public/index.php/welcome/test_s],来源:[]
错误代码:[Notice],错误信息:[Undefined index: SESSION_TYPE],文件:[F:\www\platform\hepm\wei\application\helpers\Session.php],行号:[48],地址:[wei.local/public/index.php/welcome/test_s],来源:[]
错误代码:[Notice],错误信息:[Undefined index: SESSION_TYPE],文件:[F:\www\platform\hepm\wei\application\helpers\Session.php],行号:[48],地址:[wei.local/public/index.php/welcome/test_s],来源:[]
错误代码:[Notice],错误信息:[Undefined index: SESSION_TYPE],文件:[F:\www\platform\hepm\wei\application\helpers\Session.php],行号:[48],地址:[wei.local/public/index.php/welcome/test_s],来源:[]
错误代码:[Notice],错误信息:[Undefined index: SESSION_TYPE],文件:[F:\www\platform\hepm\wei\application\helpers\Session.php],行号:[48],地址:[wei.local/public/index.php/welcome/test_s],来源:[]
错误代码:[Notice],错误信息:[Undefined index: SESSION_TYPE],文件:[F:\www\platform\hepm\wei\application\helpers\Session.php],行号:[48],地址:[wei.local/public/index.php/welcome/test_s],来源:[]
错误代码:[Warning],错误信息:[include(F:\www\platform\hepm\wei\public/../application/controllers/Cookie.php): failed to open stream: No such file or directory],文件:[F:\www\platform\hepm\wei\application\base\Loader.php],行号:[11],地址:[wei.local/public/index.php/welcome/cookie],来源:[]
错误代码:[Warning],错误信息:[include(): Failed opening 'F:\www\platform\hepm\wei\public/../application/controllers/Cookie.php' for inclusion (include_path='.;C:\php\pear')],文件:[F:\www\platform\hepm\wei\application\base\Loader.php],行号:[11],地址:[wei.local/public/index.php/welcome/cookie],来源:[]
错误代码:[Warning],错误信息:[require(F:\www\platform\hepm\wei\public/../application/configs/cookie.php): failed to open stream: No such file or directory],文件:[F:\www\platform\hepm\wei\application\base\Config.php],行号:[19],地址:[wei.local/public/index.php/welcome/cookie],来源:[]
错误代码:[Warning],错误信息:[require(F:\www\platform\hepm\wei\public/../application/configs/cookie.php): failed to open stream: No such file or directory],文件:[F:\www\platform\hepm\wei\application\base\Config.php],行号:[19],地址:[wei.local/public/index.php/welcome/get_cookie],来源:[]
错误代码:[Notice],错误信息:[Undefined offset: 0],文件:[F:\www\platform\hepm\wei\application\base\Application.php],行号:[81],地址:[wei.local/web/index.php/],来源:[]
错误代码:[Warning],错误信息:[include(F:\www\platform\hepm\wei\web/../application/controllers/.php): failed to open stream: No such file or directory],文件:[F:\www\platform\hepm\wei\application\base\Loader.php],行号:[11],地址:[wei.local/web/index.php/],来源:[]
错误代码:[Warning],错误信息:[include(): Failed opening 'F:\www\platform\hepm\wei\web/../application/controllers/.php' for inclusion (include_path='.;C:\php\pear')],文件:[F:\www\platform\hepm\wei\application\base\Loader.php],行号:[11],地址:[wei.local/web/index.php/],来源:[]
错误代码:[Notice],错误信息:[Undefined offset: 0],文件:[F:\www\platform\hepm\wei\application\base\Application.php],行号:[81],地址:[wei.local/web/index.php/],来源:[]
错误代码:[Warning],错误信息:[include(F:\www\platform\hepm\wei\web/../application/controllers/.php): failed to open stream: No such file or directory],文件:[F:\www\platform\hepm\wei\application\base\Loader.php],行号:[11],地址:[wei.local/web/index.php/],来源:[]
错误代码:[Warning],错误信息:[include(): Failed opening 'F:\www\platform\hepm\wei\web/../application/controllers/.php' for inclusion (include_path='.;C:\php\pear')],文件:[F:\www\platform\hepm\wei\application\base\Loader.php],行号:[11],地址:[wei.local/web/index.php/],来源:[]
